
Bookモデルのテスト
  バリデーションのテスト
    nameカラム
[32m      空欄でないこと[0m
    introduceカラム
[32m      空欄でないこと[0m
[32m      10000文字以下であること: 10000文字は〇[0m
[32m      10000文字以下であること: 10001文字は×[0m
  アソシエーションのテスト
    Customerモデルとの関係
[32m      N:1となっている[0m

Customerモデルのテスト
  バリデーションのテスト
    nameカラム
[32m      空欄でないこと[0m
[32m      1文字以上であること: 0文字は×[0m
[32m      1文字以上であること: 1文字は〇[0m
[32m      100文字以下であること: 100文字は〇[0m
[32m      101文字以下であること: 101文字は×[0m
[32m      一意性があること[0m
    introduceカラム
[32m      10000文字以下であること: 10000文字は〇[0m
[32m      10000文字以下であること: 100001文字は×[0m
  アソシエーションのテスト
    Bookモデルとの関係
[32m      1:Nとなっている[0m

[STEP1] ユーザログイン前のテスト
  トップ画面のテスト
    表示内容の確認
[32m      URLが正しい[0m

Finished in 11.29 seconds (files took 6.27 seconds to load)
[32m15 examples, 0 failures[0m

